2016-08-30 05:17:44 - Log File Created.

2016-08-30 05:17:44 - jobtracker - AdminClass -  - (57c4fad7e55dd) 
 - Get Help : SELECT *
FROM `cp_help`
WHERE `route` = 'settings/changepassword'
AND `isactive` = 1

2016-08-30 05:17:44 - jobtracker - SharedClass -  - (57c4fad7e2ecd) 
 - Get Announcement : SELECT * FROM cp_message WHERE isactive=1 AND browser='' AND activationdate <= NOW() AND id NOT IN (SELECT messageid FROM cp_messagecontact WHERE contactid = 26564)

2016-08-30 05:17:44 - jobtracker - SharedClass -  - (57c4fad7e2ecd) 
 - Get Announcement : SELECT * FROM cp_message WHERE isactive=1 AND browser='Chrome' AND activationdate <= NOW() AND id NOT IN (SELECT messageid FROM cp_messagecontact WHERE contactid = 26564) ORDER BY browser_version

2016-08-30 05:17:44 - jobtracker - CustomerClass -  - (57c4fad7e4a25) 
 - Get Customer Data Query : SELECT s.*, st.name as typename, st.code as typecode, t.se_trade_name, GROUP_CONCAT(TRIM(CONCAT(c.firstname,' ',c.surname))) AS primarycontact
FROM `customer` `s`
LEFT JOIN `se_trade` `t` ON `s`.`tradeid`=`t`.`id`
LEFT JOIN `cp_supplier_type` `st` ON `s`.`typeid`=`st`.`id`
LEFT JOIN `contact` `c` ON `s`.`customerid`=`c`.`customerid` and `c`.`primarycontact`=1
WHERE `s`.`customerid` = '7781'
GROUP BY `s`.`customerid`

2016-08-30 05:25:52 - jobtracker - AdminClass -  - (57c4fcc069e7a) 
 - Get Help : SELECT *
FROM `cp_help`
WHERE `route` = 'settings/changepassword'
AND `isactive` = 1

2016-08-30 05:25:52 - jobtracker - CustomerClass -  - (57c4fcc0692c2) 
 - Get Customer Data Query : SELECT s.*, st.name as typename, st.code as typecode, t.se_trade_name, GROUP_CONCAT(TRIM(CONCAT(c.firstname,' ',c.surname))) AS primarycontact
FROM `customer` `s`
LEFT JOIN `se_trade` `t` ON `s`.`tradeid`=`t`.`id`
LEFT JOIN `cp_supplier_type` `st` ON `s`.`typeid`=`st`.`id`
LEFT JOIN `contact` `c` ON `s`.`customerid`=`c`.`customerid` and `c`.`primarycontact`=1
WHERE `s`.`customerid` = '7781'
GROUP BY `s`.`customerid`

2016-08-30 05:25:56 - jobtracker - AdminClass -  - (57c4fcc3c05a6) 
 - Get Help : SELECT *
FROM `cp_help`
WHERE `route` = 'suppliers'
AND `isactive` = 1

2016-08-30 05:25:56 - jobtracker - CustomerClass -  - (57c4fcc3bf9ee) 
 - Get Customer Data Query : SELECT s.*, st.name as typename, st.code as typecode, t.se_trade_name, GROUP_CONCAT(TRIM(CONCAT(c.firstname,' ',c.surname))) AS primarycontact
FROM `customer` `s`
LEFT JOIN `se_trade` `t` ON `s`.`tradeid`=`t`.`id`
LEFT JOIN `cp_supplier_type` `st` ON `s`.`typeid`=`st`.`id`
LEFT JOIN `contact` `c` ON `s`.`customerid`=`c`.`customerid` and `c`.`primarycontact`=1
WHERE `s`.`customerid` = '7781'
GROUP BY `s`.`customerid`

2016-08-30 05:25:57 - jobtracker - AdminClass -  - (57c4fcc4a5ff9) 
 - Get Help : SELECT *
FROM `cp_help`
WHERE `route` = 'suppliers/loadsuppliers'
AND `isactive` = 1

2016-08-30 05:25:57 - jobtracker - CustomerClass -  - (57c4fcc4a5441) 
 - Get Customer Data Query : SELECT s.*, st.name as typename, st.code as typecode, t.se_trade_name, GROUP_CONCAT(TRIM(CONCAT(c.firstname,' ',c.surname))) AS primarycontact
FROM `customer` `s`
LEFT JOIN `se_trade` `t` ON `s`.`tradeid`=`t`.`id`
LEFT JOIN `cp_supplier_type` `st` ON `s`.`typeid`=`st`.`id`
LEFT JOIN `contact` `c` ON `s`.`customerid`=`c`.`customerid` and `c`.`primarycontact`=1
WHERE `s`.`customerid` = '7781'
GROUP BY `s`.`customerid`

2016-08-30 05:25:57 - jobtracker - CustomerClass -  - (57c4fcc4a5441) 
 - Get Customer Data Query : SELECT s.customerid, companyname, st.name as typename, st.code as typecode, t.se_trade_name, s.phone, s.email, s.shipsuburb, s.shipstate, GROUP_CONCAT(TRIM(CONCAT(c.firstname,' ',c.surname))) AS primarycontact, GROUP_CONCAT(c.contactid) AS primarycontactid, s.isactive, s.hasetpaccess, s.currentbalance
FROM `customer` `s`
LEFT JOIN `se_trade` `t` ON `s`.`tradeid`=`t`.`id`
LEFT JOIN `cp_supplier_type` `st` ON `s`.`typeid`=`st`.`id`
LEFT JOIN `contact` `c` ON `s`.`customerid`=`c`.`customerid` and `c`.`primarycontact`=1
WHERE `ownercustomerid` = '7781'
GROUP BY `s`.`customerid`
ORDER BY `companyname` ASC
 LIMIT 25

2016-08-30 05:34:08 - jobtracker - AdminClass -  - (57c4feb00d07e) 
 - Get Help : SELECT *
FROM `cp_help`
WHERE `route` = 'suppliers'
AND `isactive` = 1

2016-08-30 05:34:08 - jobtracker - CustomerClass -  - (57c4feb00c4c6) 
 - Get Customer Data Query : SELECT s.*, st.name as typename, st.code as typecode, t.se_trade_name, GROUP_CONCAT(TRIM(CONCAT(c.firstname,' ',c.surname))) AS primarycontact
FROM `customer` `s`
LEFT JOIN `se_trade` `t` ON `s`.`tradeid`=`t`.`id`
LEFT JOIN `cp_supplier_type` `st` ON `s`.`typeid`=`st`.`id`
LEFT JOIN `contact` `c` ON `s`.`customerid`=`c`.`customerid` and `c`.`primarycontact`=1
WHERE `s`.`customerid` = '7781'
GROUP BY `s`.`customerid`

2016-08-30 05:34:09 - jobtracker - AdminClass -  - (57c4feb10385d) 
 - Get Help : SELECT *
FROM `cp_help`
WHERE `route` = 'suppliers/loadsuppliers'
AND `isactive` = 1

2016-08-30 05:34:09 - jobtracker - CustomerClass -  - (57c4feb102ca5) 
 - Get Customer Data Query : SELECT s.*, st.name as typename, st.code as typecode, t.se_trade_name, GROUP_CONCAT(TRIM(CONCAT(c.firstname,' ',c.surname))) AS primarycontact
FROM `customer` `s`
LEFT JOIN `se_trade` `t` ON `s`.`tradeid`=`t`.`id`
LEFT JOIN `cp_supplier_type` `st` ON `s`.`typeid`=`st`.`id`
LEFT JOIN `contact` `c` ON `s`.`customerid`=`c`.`customerid` and `c`.`primarycontact`=1
WHERE `s`.`customerid` = '7781'
GROUP BY `s`.`customerid`

2016-08-30 05:34:09 - jobtracker - CustomerClass -  - (57c4feb102ca5) 
 - Get Customer Data Query : SELECT s.customerid, companyname, st.name as typename, st.code as typecode, t.se_trade_name, s.phone, s.email, s.shipsuburb, s.shipstate, GROUP_CONCAT(TRIM(CONCAT(c.firstname,' ',c.surname))) AS primarycontact, GROUP_CONCAT(c.contactid) AS primarycontactid, s.isactive, s.hasetpaccess, s.currentbalance
FROM `customer` `s`
LEFT JOIN `se_trade` `t` ON `s`.`tradeid`=`t`.`id`
LEFT JOIN `cp_supplier_type` `st` ON `s`.`typeid`=`st`.`id`
LEFT JOIN `contact` `c` ON `s`.`customerid`=`c`.`customerid` and `c`.`primarycontact`=1
WHERE `ownercustomerid` = '7781'
GROUP BY `s`.`customerid`
ORDER BY `companyname` ASC
 LIMIT 25

2016-08-30 07:18:43 - jobtracker - AdminClass -  - (57c51733693fb) 
 - Get Help : SELECT *
FROM `cp_help`
WHERE `route` = 'settings/usersecurity'
AND `isactive` = 1

2016-08-30 07:18:43 - jobtracker - CustomerClass -  - (57c5173368843) 
 - Get Customer Data Query : SELECT s.*, st.name as typename, st.code as typecode, t.se_trade_name, GROUP_CONCAT(TRIM(CONCAT(c.firstname,' ',c.surname))) AS primarycontact
FROM `customer` `s`
LEFT JOIN `se_trade` `t` ON `s`.`tradeid`=`t`.`id`
LEFT JOIN `cp_supplier_type` `st` ON `s`.`typeid`=`st`.`id`
LEFT JOIN `contact` `c` ON `s`.`customerid`=`c`.`customerid` and `c`.`primarycontact`=1
WHERE `s`.`customerid` = '7781'
GROUP BY `s`.`customerid`

2016-08-30 07:18:44 - jobtracker - AdminClass -  - (57c5173482a7a) 
 - Get Help : SELECT *
FROM `cp_help`
WHERE `route` = 'settings/loadauditlog'
AND `isactive` = 1

2016-08-30 07:18:45 - jobtracker - CustomerClass -  - (57c5173481ada) 
 - Get Customer Data Query : SELECT s.*, st.name as typename, st.code as typecode, t.se_trade_name, GROUP_CONCAT(TRIM(CONCAT(c.firstname,' ',c.surname))) AS primarycontact
FROM `customer` `s`
LEFT JOIN `se_trade` `t` ON `s`.`tradeid`=`t`.`id`
LEFT JOIN `cp_supplier_type` `st` ON `s`.`typeid`=`st`.`id`
LEFT JOIN `contact` `c` ON `s`.`customerid`=`c`.`customerid` and `c`.`primarycontact`=1
WHERE `s`.`customerid` = '7781'
GROUP BY `s`.`customerid`

2016-08-30 07:18:45 - jobtracker - CustomerClass -  - (57c5173481ada) 
 - Get Contact Security Audit Log Data Query : SELECT `al`.`dateadded`, `c1`.`firstname`, `csf`.`functionname`, `csf`.`description`, `c1`.`role`, IF(oldvalue IS NULL, 'Not Specified', IF(oldvalue=0, 'No Access', 'Has Access')) AS oldvalue, IF(newvalue IS NULL, 'Not Specified', IF(newvalue=0, 'No Access', 'Has Access')) AS newvalue, `c2`.`firstname` AS `editedby`
FROM `cp_contactsecurity_auditlog` `al`
LEFT JOIN `contact` `c1` ON `al`.`contactid`=`c1`.`contactid`
LEFT JOIN `contact` `c2` ON `al`.`addedby`=`c2`.`contactid`
LEFT JOIN `cp_contactsecurityfunction` `csf` ON `al`.`functionid`=`csf`.`id`
ORDER BY `dateadded` DESC
 LIMIT 25

2016-08-30 07:18:45 - jobtracker - AdminClass -  - (57c517351c9cc) 
 - Get Help : SELECT *
FROM `cp_help`
WHERE `route` = 'settings/loadusersecurity'
AND `isactive` = 1

2016-08-30 07:18:45 - jobtracker - CustomerClass -  - (57c517351be13) 
 - Get Customer Data Query : SELECT s.*, st.name as typename, st.code as typecode, t.se_trade_name, GROUP_CONCAT(TRIM(CONCAT(c.firstname,' ',c.surname))) AS primarycontact
FROM `customer` `s`
LEFT JOIN `se_trade` `t` ON `s`.`tradeid`=`t`.`id`
LEFT JOIN `cp_supplier_type` `st` ON `s`.`typeid`=`st`.`id`
LEFT JOIN `contact` `c` ON `s`.`customerid`=`c`.`customerid` and `c`.`primarycontact`=1
WHERE `s`.`customerid` = '7781'
GROUP BY `s`.`customerid`

2016-08-30 07:18:45 - jobtracker - CustomerClass -  - (57c517351be13) 
 - Get Contact Security Functions Data Query : SELECT `cs`.`id`, `c`.`firstname`, `c`.`role`, `csf`.`functionname`, `csf`.`description`, `cs`.`hasaccess` as `isactive`, `cs`.`createdate`
FROM `cp_contactsecurity` `cs`
INNER JOIN `contact` `c` ON `cs`.`contactid`=`c`.`contactid`
INNER JOIN `cp_contactsecurityfunction` `csf` ON `cs`.`functionid`=`csf`.`id`
WHERE `csf`.`isactive` = 1
AND `c`.`customerid` = '7781'
ORDER BY `createdate` DESC
 LIMIT 25

2016-08-30 08:49:03 - jobtracker - AdminClass -  - (57c52c5ee362e) 
 - Get Help : SELECT *
FROM `cp_help`
WHERE `route` = 'suppliers'
AND `isactive` = 1

2016-08-30 08:49:03 - jobtracker - CustomerClass -  - (57c52c5ee2e5e) 
 - Get Customer Data Query : SELECT s.*, st.name as typename, st.code as typecode, t.se_trade_name, GROUP_CONCAT(TRIM(CONCAT(c.firstname,' ',c.surname))) AS primarycontact
FROM `customer` `s`
LEFT JOIN `se_trade` `t` ON `s`.`tradeid`=`t`.`id`
LEFT JOIN `cp_supplier_type` `st` ON `s`.`typeid`=`st`.`id`
LEFT JOIN `contact` `c` ON `s`.`customerid`=`c`.`customerid` and `c`.`primarycontact`=1
WHERE `s`.`customerid` = '7781'
GROUP BY `s`.`customerid`

2016-08-30 08:49:04 - jobtracker - AdminClass -  - (57c52c600e446) 
 - Get Help : SELECT *
FROM `cp_help`
WHERE `route` = 'suppliers/loadsuppliers'
AND `isactive` = 1

2016-08-30 08:49:04 - jobtracker - CustomerClass -  - (57c52c600d88e) 
 - Get Customer Data Query : SELECT s.*, st.name as typename, st.code as typecode, t.se_trade_name, GROUP_CONCAT(TRIM(CONCAT(c.firstname,' ',c.surname))) AS primarycontact
FROM `customer` `s`
LEFT JOIN `se_trade` `t` ON `s`.`tradeid`=`t`.`id`
LEFT JOIN `cp_supplier_type` `st` ON `s`.`typeid`=`st`.`id`
LEFT JOIN `contact` `c` ON `s`.`customerid`=`c`.`customerid` and `c`.`primarycontact`=1
WHERE `s`.`customerid` = '7781'
GROUP BY `s`.`customerid`

2016-08-30 08:49:04 - jobtracker - CustomerClass -  - (57c52c600d88e) 
 - Get Customer Data Query : SELECT s.customerid, companyname, st.name as typename, st.code as typecode, t.se_trade_name, s.phone, s.email, s.shipsuburb, s.shipstate, GROUP_CONCAT(TRIM(CONCAT(c.firstname,' ',c.surname))) AS primarycontact, GROUP_CONCAT(c.contactid) AS primarycontactid, s.isactive, s.hasetpaccess, s.currentbalance
FROM `customer` `s`
LEFT JOIN `se_trade` `t` ON `s`.`tradeid`=`t`.`id`
LEFT JOIN `cp_supplier_type` `st` ON `s`.`typeid`=`st`.`id`
LEFT JOIN `contact` `c` ON `s`.`customerid`=`c`.`customerid` and `c`.`primarycontact`=1
WHERE `ownercustomerid` = '7781'
GROUP BY `s`.`customerid`
ORDER BY `companyname` ASC
 LIMIT 25

2016-08-30 09:09:07 - jobtracker - AdminClass -  - (57c53112c4b76) 
 - Get Help : SELECT *
FROM `cp_help`
WHERE `route` = 'settings/changepassword'
AND `isactive` = 1

2016-08-30 09:09:07 - jobtracker - SharedClass -  - (57c53112c284d) 
 - Get Announcement : SELECT * FROM cp_message WHERE isactive=1 AND browser='' AND activationdate <= NOW() AND id NOT IN (SELECT messageid FROM cp_messagecontact WHERE contactid = 26564)

2016-08-30 09:09:07 - jobtracker - SharedClass -  - (57c53112c284d) 
 - Get Announcement : SELECT * FROM cp_message WHERE isactive=1 AND browser='Chrome' AND activationdate <= NOW() AND id NOT IN (SELECT messageid FROM cp_messagecontact WHERE contactid = 26564) ORDER BY browser_version

2016-08-30 09:09:07 - jobtracker - CustomerClass -  - (57c53112c43a6) 
 - Get Customer Data Query : SELECT s.*, st.name as typename, st.code as typecode, t.se_trade_name, GROUP_CONCAT(TRIM(CONCAT(c.firstname,' ',c.surname))) AS primarycontact
FROM `customer` `s`
LEFT JOIN `se_trade` `t` ON `s`.`tradeid`=`t`.`id`
LEFT JOIN `cp_supplier_type` `st` ON `s`.`typeid`=`st`.`id`
LEFT JOIN `contact` `c` ON `s`.`customerid`=`c`.`customerid` and `c`.`primarycontact`=1
WHERE `s`.`customerid` = '7781'
GROUP BY `s`.`customerid`

2016-08-30 09:09:10 - jobtracker - AdminClass -  - (57c53116936dc) 
 - Get Help : SELECT *
FROM `cp_help`
WHERE `route` = 'suppliers'
AND `isactive` = 1

2016-08-30 09:09:10 - jobtracker - CustomerClass -  - (57c5311692f0c) 
 - Get Customer Data Query : SELECT s.*, st.name as typename, st.code as typecode, t.se_trade_name, GROUP_CONCAT(TRIM(CONCAT(c.firstname,' ',c.surname))) AS primarycontact
FROM `customer` `s`
LEFT JOIN `se_trade` `t` ON `s`.`tradeid`=`t`.`id`
LEFT JOIN `cp_supplier_type` `st` ON `s`.`typeid`=`st`.`id`
LEFT JOIN `contact` `c` ON `s`.`customerid`=`c`.`customerid` and `c`.`primarycontact`=1
WHERE `s`.`customerid` = '7781'
GROUP BY `s`.`customerid`

2016-08-30 09:09:11 - jobtracker - AdminClass -  - (57c531176ed1d) 
 - Get Help : SELECT *
FROM `cp_help`
WHERE `route` = 'suppliers/loadsuppliers'
AND `isactive` = 1

2016-08-30 09:09:11 - jobtracker - CustomerClass -  - (57c531176b66c) 
 - Get Customer Data Query : SELECT s.*, st.name as typename, st.code as typecode, t.se_trade_name, GROUP_CONCAT(TRIM(CONCAT(c.firstname,' ',c.surname))) AS primarycontact
FROM `customer` `s`
LEFT JOIN `se_trade` `t` ON `s`.`tradeid`=`t`.`id`
LEFT JOIN `cp_supplier_type` `st` ON `s`.`typeid`=`st`.`id`
LEFT JOIN `contact` `c` ON `s`.`customerid`=`c`.`customerid` and `c`.`primarycontact`=1
WHERE `s`.`customerid` = '7781'
GROUP BY `s`.`customerid`

2016-08-30 09:09:11 - jobtracker - CustomerClass -  - (57c531176b66c) 
 - Get Customer Data Query : SELECT s.customerid, companyname, st.name as typename, st.code as typecode, t.se_trade_name, s.phone, s.email, s.shipsuburb, s.shipstate, GROUP_CONCAT(TRIM(CONCAT(c.firstname,' ',c.surname))) AS primarycontact, GROUP_CONCAT(c.contactid) AS primarycontactid, s.isactive, s.hasetpaccess, s.currentbalance
FROM `customer` `s`
LEFT JOIN `se_trade` `t` ON `s`.`tradeid`=`t`.`id`
LEFT JOIN `cp_supplier_type` `st` ON `s`.`typeid`=`st`.`id`
LEFT JOIN `contact` `c` ON `s`.`customerid`=`c`.`customerid` and `c`.`primarycontact`=1
WHERE `ownercustomerid` = '7781'
GROUP BY `s`.`customerid`
ORDER BY `companyname` ASC
 LIMIT 25

2016-08-30 09:09:14 - jobtracker - AdminClass -  - (57c53119d4291) 
 - Get Help : SELECT *
FROM `cp_help`
WHERE `route` = 'suppliers/edit'
AND `isactive` = 1

2016-08-30 09:09:14 - jobtracker - CustomerClass -  - (57c53119d36d9) 
 - Get Customer Data Query : SELECT s.*, st.name as typename, st.code as typecode, t.se_trade_name, GROUP_CONCAT(TRIM(CONCAT(c.firstname,' ',c.surname))) AS primarycontact
FROM `customer` `s`
LEFT JOIN `se_trade` `t` ON `s`.`tradeid`=`t`.`id`
LEFT JOIN `cp_supplier_type` `st` ON `s`.`typeid`=`st`.`id`
LEFT JOIN `contact` `c` ON `s`.`customerid`=`c`.`customerid` and `c`.`primarycontact`=1
WHERE `s`.`customerid` = '7781'
GROUP BY `s`.`customerid`

2016-08-30 09:09:14 - jobtracker - CustomerClass -  - (57c53119d36d9) 
 - Get Customer Data Query : SELECT s.*, st.name as typename, st.code as typecode, t.se_trade_name, GROUP_CONCAT(TRIM(CONCAT(c.firstname,' ',c.surname))) AS primarycontact
FROM `customer` `s`
LEFT JOIN `se_trade` `t` ON `s`.`tradeid`=`t`.`id`
LEFT JOIN `cp_supplier_type` `st` ON `s`.`typeid`=`st`.`id`
LEFT JOIN `contact` `c` ON `s`.`customerid`=`c`.`customerid` and `c`.`primarycontact`=1
WHERE `s`.`customerid` = '11011'
GROUP BY `s`.`customerid`

2016-08-30 09:09:15 - jobtracker - AdminClass -  - (57c5311ad1fa2) 
 - Get Help : SELECT *
FROM `cp_help`
WHERE `route` = 'suppliers/loadsuppliercontacts'
AND `isactive` = 1

2016-08-30 09:09:15 - jobtracker - CustomerClass -  - (57c5311ad13ea) 
 - Get Customer Data Query : SELECT s.*, st.name as typename, st.code as typecode, t.se_trade_name, GROUP_CONCAT(TRIM(CONCAT(c.firstname,' ',c.surname))) AS primarycontact
FROM `customer` `s`
LEFT JOIN `se_trade` `t` ON `s`.`tradeid`=`t`.`id`
LEFT JOIN `cp_supplier_type` `st` ON `s`.`typeid`=`st`.`id`
LEFT JOIN `contact` `c` ON `s`.`customerid`=`c`.`customerid` and `c`.`primarycontact`=1
WHERE `s`.`customerid` = '7781'
GROUP BY `s`.`customerid`

2016-08-30 09:09:15 - jobtracker - CustomerClass -  - (57c5311ad13ea) 
 - Get Contact Data Query : SELECT c.*, TRIM(CONCAT(c.firstname,' ',c.surname)) as contactname, TRIM(CONCAT(c2.firstname,' ',c2.surname)) AS reportsto, IF(c.active=1,'Active',IF(c.cp_invitesendtime IS NULL, 'Inactive','Invited')) AS status, t.se_trade_name AS trade
FROM `contact` `c`
LEFT JOIN `contact` `c2` ON `c`.`bossid`=`c2`.`contactid`
LEFT JOIN `se_trade` `t` ON `c`.`tradeid`=`t`.`id`
WHERE `c`.`customerid` = '11011'
ORDER BY `contactname` ASC
 LIMIT 25

2016-08-30 09:09:15 - jobtracker - AdminClass -  - (57c5311b572e6) 
 - Get Help : SELECT *
FROM `cp_help`
WHERE `route` = 'suppliers/loadsites'
AND `isactive` = 1

2016-08-30 09:09:15 - jobtracker - CustomerClass -  - (57c5311b5672e) 
 - Get Customer Data Query : SELECT s.*, st.name as typename, st.code as typecode, t.se_trade_name, GROUP_CONCAT(TRIM(CONCAT(c.firstname,' ',c.surname))) AS primarycontact
FROM `customer` `s`
LEFT JOIN `se_trade` `t` ON `s`.`tradeid`=`t`.`id`
LEFT JOIN `cp_supplier_type` `st` ON `s`.`typeid`=`st`.`id`
LEFT JOIN `contact` `c` ON `s`.`customerid`=`c`.`customerid` and `c`.`primarycontact`=1
WHERE `s`.`customerid` = '7781'
GROUP BY `s`.`customerid`

2016-08-30 09:09:15 - jobtracker - CustomerClass -  - (57c5311b5672e) 
 - Get Supplier Sites Data Query : SELECT sa.*, a.labelid, a.siteref, a.siteline2 ,a.sitesuburb, a.sitestate, a.sitepostcode, TRIM(CONCAT(cfm.firstname,' ',cfm.surname)) AS sitefm, TRIM(CONCAT(csite.firstname,' ',csite.surname)) AS sitecontact, a.latitude_decimal, a.longitude_decimal, CONCAT(IFNULL(a.siteline1,''),'<br>', IFNULL(a.siteline2,''),'<br>',IFNULL(a.sitesuburb,''),' ',IFNULL(a.sitestate,''),' ',IFNULL(a.sitepostcode,'')) as site
FROM `cp_supplier_address` `sa`
INNER JOIN `addresslabel` `a` ON `sa`.`labelid`=`a`.`labelid`
LEFT JOIN `contact` `cfm` ON `a`.`contactid` = `cfm`.`contactid`
LEFT JOIN `contact` `csite` ON `a`.`contactid` = `csite`.`contactid`
WHERE `a`.`customerid` = '7781'
AND `sa`.`supplierid` = '11011'
ORDER BY `sitesuburb` DESC
 LIMIT 25

2016-08-30 09:13:02 - jobtracker - AdminClass -  - (57c531fe54848) 
 - Get Help : SELECT *
FROM `cp_help`
WHERE `route` = 'suppliers/getavailablesites'
AND `isactive` = 1

2016-08-30 09:13:02 - jobtracker - CustomerClass -  - (57c531fe538a7) 
 - Get Customer Data Query : SELECT s.*, st.name as typename, st.code as typecode, t.se_trade_name, GROUP_CONCAT(TRIM(CONCAT(c.firstname,' ',c.surname))) AS primarycontact
FROM `customer` `s`
LEFT JOIN `se_trade` `t` ON `s`.`tradeid`=`t`.`id`
LEFT JOIN `cp_supplier_type` `st` ON `s`.`typeid`=`st`.`id`
LEFT JOIN `contact` `c` ON `s`.`customerid`=`c`.`customerid` and `c`.`primarycontact`=1
WHERE `s`.`customerid` = '7781'
GROUP BY `s`.`customerid`

2016-08-30 09:13:05 - jobtracker - AdminClass -  - (57c532018ea4f) 
 - Get Help : SELECT *
FROM `cp_help`
WHERE `route` = 'suppliers/getavailablesites'
AND `isactive` = 1

2016-08-30 09:13:05 - jobtracker - CustomerClass -  - (57c532018daaf) 
 - Get Customer Data Query : SELECT s.*, st.name as typename, st.code as typecode, t.se_trade_name, GROUP_CONCAT(TRIM(CONCAT(c.firstname,' ',c.surname))) AS primarycontact
FROM `customer` `s`
LEFT JOIN `se_trade` `t` ON `s`.`tradeid`=`t`.`id`
LEFT JOIN `cp_supplier_type` `st` ON `s`.`typeid`=`st`.`id`
LEFT JOIN `contact` `c` ON `s`.`customerid`=`c`.`customerid` and `c`.`primarycontact`=1
WHERE `s`.`customerid` = '7781'
GROUP BY `s`.`customerid`

2016-08-30 09:13:08 - jobtracker - AdminClass -  - (57c532040534b) 
 - Get Help : SELECT *
FROM `cp_help`
WHERE `route` = 'suppliers/getavailablesites'
AND `isactive` = 1

2016-08-30 09:13:08 - jobtracker - CustomerClass -  - (57c532040534b) 
 - Get Customer Data Query : SELECT s.*, st.name as typename, st.code as typecode, t.se_trade_name, GROUP_CONCAT(TRIM(CONCAT(c.firstname,' ',c.surname))) AS primarycontact
FROM `customer` `s`
LEFT JOIN `se_trade` `t` ON `s`.`tradeid`=`t`.`id`
LEFT JOIN `cp_supplier_type` `st` ON `s`.`typeid`=`st`.`id`
LEFT JOIN `contact` `c` ON `s`.`customerid`=`c`.`customerid` and `c`.`primarycontact`=1
WHERE `s`.`customerid` = '7781'
GROUP BY `s`.`customerid`

2016-08-30 09:13:10 - jobtracker - AdminClass -  - (57c5320661041) 
 - Get Help : SELECT *
FROM `cp_help`
WHERE `route` = 'suppliers/getavailablesites'
AND `isactive` = 1

2016-08-30 09:13:10 - jobtracker - CustomerClass -  - (57c5320661041) 
 - Get Customer Data Query : SELECT s.*, st.name as typename, st.code as typecode, t.se_trade_name, GROUP_CONCAT(TRIM(CONCAT(c.firstname,' ',c.surname))) AS primarycontact
FROM `customer` `s`
LEFT JOIN `se_trade` `t` ON `s`.`tradeid`=`t`.`id`
LEFT JOIN `cp_supplier_type` `st` ON `s`.`typeid`=`st`.`id`
LEFT JOIN `contact` `c` ON `s`.`customerid`=`c`.`customerid` and `c`.`primarycontact`=1
WHERE `s`.`customerid` = '7781'
GROUP BY `s`.`customerid`

2016-08-30 09:13:12 - jobtracker - AdminClass -  - (57c53208b021b) 
 - Get Help : SELECT *
FROM `cp_help`
WHERE `route` = 'suppliers/getavailablesites'
AND `isactive` = 1

2016-08-30 09:13:12 - jobtracker - CustomerClass -  - (57c53208b021b) 
 - Get Customer Data Query : SELECT s.*, st.name as typename, st.code as typecode, t.se_trade_name, GROUP_CONCAT(TRIM(CONCAT(c.firstname,' ',c.surname))) AS primarycontact
FROM `customer` `s`
LEFT JOIN `se_trade` `t` ON `s`.`tradeid`=`t`.`id`
LEFT JOIN `cp_supplier_type` `st` ON `s`.`typeid`=`st`.`id`
LEFT JOIN `contact` `c` ON `s`.`customerid`=`c`.`customerid` and `c`.`primarycontact`=1
WHERE `s`.`customerid` = '7781'
GROUP BY `s`.`customerid`

2016-08-30 09:13:15 - jobtracker - AdminClass -  - (57c5320b26353) 
 - Get Help : SELECT *
FROM `cp_help`
WHERE `route` = 'suppliers/getavailablesites'
AND `isactive` = 1

2016-08-30 09:13:15 - jobtracker - CustomerClass -  - (57c5320b26353) 
 - Get Customer Data Query : SELECT s.*, st.name as typename, st.code as typecode, t.se_trade_name, GROUP_CONCAT(TRIM(CONCAT(c.firstname,' ',c.surname))) AS primarycontact
FROM `customer` `s`
LEFT JOIN `se_trade` `t` ON `s`.`tradeid`=`t`.`id`
LEFT JOIN `cp_supplier_type` `st` ON `s`.`typeid`=`st`.`id`
LEFT JOIN `contact` `c` ON `s`.`customerid`=`c`.`customerid` and `c`.`primarycontact`=1
WHERE `s`.`customerid` = '7781'
GROUP BY `s`.`customerid`

2016-08-30 09:13:17 - jobtracker - AdminClass -  - (57c5320d7dde6) 
 - Get Help : SELECT *
FROM `cp_help`
WHERE `route` = 'suppliers/getavailablesites'
AND `isactive` = 1

2016-08-30 09:13:17 - jobtracker - CustomerClass -  - (57c5320d7d22e) 
 - Get Customer Data Query : SELECT s.*, st.name as typename, st.code as typecode, t.se_trade_name, GROUP_CONCAT(TRIM(CONCAT(c.firstname,' ',c.surname))) AS primarycontact
FROM `customer` `s`
LEFT JOIN `se_trade` `t` ON `s`.`tradeid`=`t`.`id`
LEFT JOIN `cp_supplier_type` `st` ON `s`.`typeid`=`st`.`id`
LEFT JOIN `contact` `c` ON `s`.`customerid`=`c`.`customerid` and `c`.`primarycontact`=1
WHERE `s`.`customerid` = '7781'
GROUP BY `s`.`customerid`

2016-08-30 09:13:20 - jobtracker - AdminClass -  - (57c53210968a6) 
 - Get Help : SELECT *
FROM `cp_help`
WHERE `route` = 'suppliers/getavailablesites'
AND `isactive` = 1

2016-08-30 09:13:20 - jobtracker - CustomerClass -  - (57c53210968a6) 
 - Get Customer Data Query : SELECT s.*, st.name as typename, st.code as typecode, t.se_trade_name, GROUP_CONCAT(TRIM(CONCAT(c.firstname,' ',c.surname))) AS primarycontact
FROM `customer` `s`
LEFT JOIN `se_trade` `t` ON `s`.`tradeid`=`t`.`id`
LEFT JOIN `cp_supplier_type` `st` ON `s`.`typeid`=`st`.`id`
LEFT JOIN `contact` `c` ON `s`.`customerid`=`c`.`customerid` and `c`.`primarycontact`=1
WHERE `s`.`customerid` = '7781'
GROUP BY `s`.`customerid`

2016-08-30 10:36:06 - jobtracker - AdminClass -  - (57c545762511e) 
 - Get Help : SELECT *
FROM `cp_help`
WHERE `route` = 'suppliers'
AND `isactive` = 1

2016-08-30 10:36:06 - jobtracker - CustomerClass -  - (57c5457624566) 
 - Get Customer Data Query : SELECT s.*, st.name as typename, st.code as typecode, t.se_trade_name, GROUP_CONCAT(TRIM(CONCAT(c.firstname,' ',c.surname))) AS primarycontact
FROM `customer` `s`
LEFT JOIN `se_trade` `t` ON `s`.`tradeid`=`t`.`id`
LEFT JOIN `cp_supplier_type` `st` ON `s`.`typeid`=`st`.`id`
LEFT JOIN `contact` `c` ON `s`.`customerid`=`c`.`customerid` and `c`.`primarycontact`=1
WHERE `s`.`customerid` = '7781'
GROUP BY `s`.`customerid`

2016-08-30 10:36:08 - jobtracker - AdminClass -  - (57c5457792b59) 
 - Get Help : SELECT *
FROM `cp_help`
WHERE `route` = 'suppliers/loadsuppliers'
AND `isactive` = 1

2016-08-30 10:36:08 - jobtracker - CustomerClass -  - (57c5457791fa0) 
 - Get Customer Data Query : SELECT s.*, st.name as typename, st.code as typecode, t.se_trade_name, GROUP_CONCAT(TRIM(CONCAT(c.firstname,' ',c.surname))) AS primarycontact
FROM `customer` `s`
LEFT JOIN `se_trade` `t` ON `s`.`tradeid`=`t`.`id`
LEFT JOIN `cp_supplier_type` `st` ON `s`.`typeid`=`st`.`id`
LEFT JOIN `contact` `c` ON `s`.`customerid`=`c`.`customerid` and `c`.`primarycontact`=1
WHERE `s`.`customerid` = '7781'
GROUP BY `s`.`customerid`

2016-08-30 10:36:08 - jobtracker - CustomerClass -  - (57c5457791fa0) 
 - Get Customer Data Query : SELECT s.customerid, companyname, st.name as typename, st.code as typecode, t.se_trade_name, s.phone, s.email, s.shipsuburb, s.shipstate, GROUP_CONCAT(TRIM(CONCAT(c.firstname,' ',c.surname))) AS primarycontact, GROUP_CONCAT(c.contactid) AS primarycontactid, s.isactive, s.hasetpaccess, s.currentbalance
FROM `customer` `s`
LEFT JOIN `se_trade` `t` ON `s`.`tradeid`=`t`.`id`
LEFT JOIN `cp_supplier_type` `st` ON `s`.`typeid`=`st`.`id`
LEFT JOIN `contact` `c` ON `s`.`customerid`=`c`.`customerid` and `c`.`primarycontact`=1
WHERE `ownercustomerid` = '7781'
GROUP BY `s`.`customerid`
ORDER BY `companyname` ASC
 LIMIT 25
