2016-11-09 05:11:35 - Log File Created.

2016-11-09 05:11:35 - jobtracker - AdminClass -  - (5822a1f6a7bb5) 
 - Get Help : SELECT *
FROM `cp_help`
WHERE `route` = 'admin'
AND `isactive` = 1

2016-11-09 05:11:35 - jobtracker - CustomerClass -  - (5822a1f6a73e5) 
 - Get Customer Data Query : SELECT s.*, st.name as typename, st.code as typecode, t.se_trade_name, GROUP_CONCAT(TRIM(CONCAT(c.firstname,' ',c.surname))) AS primarycontact
FROM `customer` `s`
LEFT JOIN `se_trade` `t` ON `s`.`tradeid`=`t`.`id`
LEFT JOIN `cp_supplier_type` `st` ON `s`.`typeid`=`st`.`id`
LEFT JOIN `contact` `c` ON `s`.`customerid`=`c`.`customerid` and `c`.`primarycontact`=1
WHERE `s`.`customerid` = '7781'
GROUP BY `s`.`customerid`

2016-11-09 05:11:40 - jobtracker - AdminClass -  - (5822a1fbdcc88) 
 - Get Help : SELECT *
FROM `cp_help`
WHERE `route` = 'settings/changepassword'
AND `isactive` = 1

2016-11-09 05:11:40 - jobtracker - CustomerClass -  - (5822a1fbdc0d0) 
 - Get Customer Data Query : SELECT s.*, st.name as typename, st.code as typecode, t.se_trade_name, GROUP_CONCAT(TRIM(CONCAT(c.firstname,' ',c.surname))) AS primarycontact
FROM `customer` `s`
LEFT JOIN `se_trade` `t` ON `s`.`tradeid`=`t`.`id`
LEFT JOIN `cp_supplier_type` `st` ON `s`.`typeid`=`st`.`id`
LEFT JOIN `contact` `c` ON `s`.`customerid`=`c`.`customerid` and `c`.`primarycontact`=1
WHERE `s`.`customerid` = '7781'
GROUP BY `s`.`customerid`

2016-11-09 05:11:42 - jobtracker - AdminClass -  - (5822a1fe1559d) 
 - Get Help : SELECT *
FROM `cp_help`
WHERE `route` = 'settings/profile'
AND `isactive` = 1

2016-11-09 05:11:42 - jobtracker - CustomerClass -  - (5822a1fe149e4) 
 - Get Customer Data Query : SELECT s.*, st.name as typename, st.code as typecode, t.se_trade_name, GROUP_CONCAT(TRIM(CONCAT(c.firstname,' ',c.surname))) AS primarycontact
FROM `customer` `s`
LEFT JOIN `se_trade` `t` ON `s`.`tradeid`=`t`.`id`
LEFT JOIN `cp_supplier_type` `st` ON `s`.`typeid`=`st`.`id`
LEFT JOIN `contact` `c` ON `s`.`customerid`=`c`.`customerid` and `c`.`primarycontact`=1
WHERE `s`.`customerid` = '7781'
GROUP BY `s`.`customerid`

2016-11-09 05:11:42 - jobtracker - SharedClass -  - (5822a1fe1365c) 
 - Get Branding Image : SELECT `b`.`id`, `documentid`, `docformat`
FROM `branding` `b`
INNER JOIN `brandtype` `bt` ON `bt`.`id` = `b`.`brandtypeid`
INNER JOIN `brand_location` `bl` ON `bl`.`id`=`b`.`brandlocationid`
WHERE `b`.`customerid` = '7781'
AND `b`.`isdeleted` =0
AND `bt`.`code` = 'P'
AND `bl`.`code` = 'L'

2016-11-09 05:11:45 - jobtracker - AdminClass -  - (5822a200e2397) 
 - Get Help : SELECT *
FROM `cp_help`
WHERE `route` = 'admin/modules'
AND `isactive` = 1

2016-11-09 05:11:45 - jobtracker - CustomerClass -  - (5822a200e1bc7) 
 - Get Customer Data Query : SELECT s.*, st.name as typename, st.code as typecode, t.se_trade_name, GROUP_CONCAT(TRIM(CONCAT(c.firstname,' ',c.surname))) AS primarycontact
FROM `customer` `s`
LEFT JOIN `se_trade` `t` ON `s`.`tradeid`=`t`.`id`
LEFT JOIN `cp_supplier_type` `st` ON `s`.`typeid`=`st`.`id`
LEFT JOIN `contact` `c` ON `s`.`customerid`=`c`.`customerid` and `c`.`primarycontact`=1
WHERE `s`.`customerid` = '7781'
GROUP BY `s`.`customerid`

2016-11-09 05:11:46 - jobtracker - AdminClass -  - (5822a20233700) 
 - Get Help : SELECT *
FROM `cp_help`
WHERE `route` = 'admin/modules'
AND `isactive` = 1

2016-11-09 05:11:46 - jobtracker - CustomerClass -  - (5822a20232b48) 
 - Get Customer Data Query : SELECT s.*, st.name as typename, st.code as typecode, t.se_trade_name, GROUP_CONCAT(TRIM(CONCAT(c.firstname,' ',c.surname))) AS primarycontact
FROM `customer` `s`
LEFT JOIN `se_trade` `t` ON `s`.`tradeid`=`t`.`id`
LEFT JOIN `cp_supplier_type` `st` ON `s`.`typeid`=`st`.`id`
LEFT JOIN `contact` `c` ON `s`.`customerid`=`c`.`customerid` and `c`.`primarycontact`=1
WHERE `s`.`customerid` = '7781'
GROUP BY `s`.`customerid`

2016-11-09 05:11:48 - jobtracker - AdminClass -  - (5822a2048541e) 
 - Get Help : SELECT *
FROM `cp_help`
WHERE `route` = 'admin/helps'
AND `isactive` = 1

2016-11-09 05:11:48 - jobtracker - CustomerClass -  - (5822a20484c4e) 
 - Get Customer Data Query : SELECT s.*, st.name as typename, st.code as typecode, t.se_trade_name, GROUP_CONCAT(TRIM(CONCAT(c.firstname,' ',c.surname))) AS primarycontact
FROM `customer` `s`
LEFT JOIN `se_trade` `t` ON `s`.`tradeid`=`t`.`id`
LEFT JOIN `cp_supplier_type` `st` ON `s`.`typeid`=`st`.`id`
LEFT JOIN `contact` `c` ON `s`.`customerid`=`c`.`customerid` and `c`.`primarycontact`=1
WHERE `s`.`customerid` = '7781'
GROUP BY `s`.`customerid`

2016-11-09 05:11:50 - jobtracker - AdminClass -  - (5822a2062593a) 
 - Get Help : SELECT *
FROM `cp_help`
WHERE `route` = 'admin/helps'
AND `isactive` = 1

2016-11-09 05:11:50 - jobtracker - CustomerClass -  - (5822a20624d82) 
 - Get Customer Data Query : SELECT s.*, st.name as typename, st.code as typecode, t.se_trade_name, GROUP_CONCAT(TRIM(CONCAT(c.firstname,' ',c.surname))) AS primarycontact
FROM `customer` `s`
LEFT JOIN `se_trade` `t` ON `s`.`tradeid`=`t`.`id`
LEFT JOIN `cp_supplier_type` `st` ON `s`.`typeid`=`st`.`id`
LEFT JOIN `contact` `c` ON `s`.`customerid`=`c`.`customerid` and `c`.`primarycontact`=1
WHERE `s`.`customerid` = '7781'
GROUP BY `s`.`customerid`

2016-11-09 05:11:50 - jobtracker - AdminClass -  - (5822a2062593a) 
 - Get Helps Query : SELECT *
FROM `cp_help`
WHERE `isactive` = 1
ORDER BY `last_updated` DESC
 LIMIT 25

2016-11-09 05:11:58 - jobtracker - AdminClass -  - (5822a20e42fca) 
 - Get Help : SELECT *
FROM `cp_help`
WHERE `route` = 'admin/announcements'
AND `isactive` = 1

2016-11-09 05:11:58 - jobtracker - CustomerClass -  - (5822a20e427fa) 
 - Get Customer Data Query : SELECT s.*, st.name as typename, st.code as typecode, t.se_trade_name, GROUP_CONCAT(TRIM(CONCAT(c.firstname,' ',c.surname))) AS primarycontact
FROM `customer` `s`
LEFT JOIN `se_trade` `t` ON `s`.`tradeid`=`t`.`id`
LEFT JOIN `cp_supplier_type` `st` ON `s`.`typeid`=`st`.`id`
LEFT JOIN `contact` `c` ON `s`.`customerid`=`c`.`customerid` and `c`.`primarycontact`=1
WHERE `s`.`customerid` = '7781'
GROUP BY `s`.`customerid`

2016-11-09 05:11:59 - jobtracker - AdminClass -  - (5822a20fa0832) 
 - Get Help : SELECT *
FROM `cp_help`
WHERE `route` = 'admin/announcements'
AND `isactive` = 1

2016-11-09 05:11:59 - jobtracker - CustomerClass -  - (5822a20f9f891) 
 - Get Customer Data Query : SELECT s.*, st.name as typename, st.code as typecode, t.se_trade_name, GROUP_CONCAT(TRIM(CONCAT(c.firstname,' ',c.surname))) AS primarycontact
FROM `customer` `s`
LEFT JOIN `se_trade` `t` ON `s`.`tradeid`=`t`.`id`
LEFT JOIN `cp_supplier_type` `st` ON `s`.`typeid`=`st`.`id`
LEFT JOIN `contact` `c` ON `s`.`customerid`=`c`.`customerid` and `c`.`primarycontact`=1
WHERE `s`.`customerid` = '7781'
GROUP BY `s`.`customerid`

2016-11-09 05:12:00 - jobtracker - AdminClass -  - (5822a20fa0832) 
 - Get Announcements Query : SELECT *
FROM `cp_message`
WHERE `isactive` = 1
ORDER BY `activationdate` DESC
 LIMIT 25

2016-11-09 05:12:01 - jobtracker - AdminClass -  - (5822a21158c23) 
 - Get Help : SELECT *
FROM `cp_help`
WHERE `route` = 'admin/helps'
AND `isactive` = 1

2016-11-09 05:12:01 - jobtracker - CustomerClass -  - (5822a2115806b) 
 - Get Customer Data Query : SELECT s.*, st.name as typename, st.code as typecode, t.se_trade_name, GROUP_CONCAT(TRIM(CONCAT(c.firstname,' ',c.surname))) AS primarycontact
FROM `customer` `s`
LEFT JOIN `se_trade` `t` ON `s`.`tradeid`=`t`.`id`
LEFT JOIN `cp_supplier_type` `st` ON `s`.`typeid`=`st`.`id`
LEFT JOIN `contact` `c` ON `s`.`customerid`=`c`.`customerid` and `c`.`primarycontact`=1
WHERE `s`.`customerid` = '7781'
GROUP BY `s`.`customerid`

2016-11-09 05:12:03 - jobtracker - AdminClass -  - (5822a21326faa) 
 - Get Help : SELECT *
FROM `cp_help`
WHERE `route` = 'admin/helps'
AND `isactive` = 1

2016-11-09 05:12:03 - jobtracker - CustomerClass -  - (5822a213267da) 
 - Get Customer Data Query : SELECT s.*, st.name as typename, st.code as typecode, t.se_trade_name, GROUP_CONCAT(TRIM(CONCAT(c.firstname,' ',c.surname))) AS primarycontact
FROM `customer` `s`
LEFT JOIN `se_trade` `t` ON `s`.`tradeid`=`t`.`id`
LEFT JOIN `cp_supplier_type` `st` ON `s`.`typeid`=`st`.`id`
LEFT JOIN `contact` `c` ON `s`.`customerid`=`c`.`customerid` and `c`.`primarycontact`=1
WHERE `s`.`customerid` = '7781'
GROUP BY `s`.`customerid`

2016-11-09 05:12:03 - jobtracker - AdminClass -  - (5822a21326faa) 
 - Get Helps Query : SELECT *
FROM `cp_help`
WHERE `isactive` = 1
ORDER BY `last_updated` DESC
 LIMIT 25

2016-11-09 05:12:04 - jobtracker - AdminClass -  - (5822a214a6711) 
 - Get Help : SELECT *
FROM `cp_help`
WHERE `route` = 'admin/activitylogs'
AND `isactive` = 1

2016-11-09 05:12:04 - jobtracker - CustomerClass -  - (5822a214a5f41) 
 - Get Customer Data Query : SELECT s.*, st.name as typename, st.code as typecode, t.se_trade_name, GROUP_CONCAT(TRIM(CONCAT(c.firstname,' ',c.surname))) AS primarycontact
FROM `customer` `s`
LEFT JOIN `se_trade` `t` ON `s`.`tradeid`=`t`.`id`
LEFT JOIN `cp_supplier_type` `st` ON `s`.`typeid`=`st`.`id`
LEFT JOIN `contact` `c` ON `s`.`customerid`=`c`.`customerid` and `c`.`primarycontact`=1
WHERE `s`.`customerid` = '7781'
GROUP BY `s`.`customerid`

2016-11-09 05:12:06 - jobtracker - AdminClass -  - (5822a216300e0) 
 - Get Help : SELECT *
FROM `cp_help`
WHERE `route` = 'admin/activitylogs'
AND `isactive` = 1

2016-11-09 05:12:06 - jobtracker - CustomerClass -  - (5822a2162f13f) 
 - Get Customer Data Query : SELECT s.*, st.name as typename, st.code as typecode, t.se_trade_name, GROUP_CONCAT(TRIM(CONCAT(c.firstname,' ',c.surname))) AS primarycontact
FROM `customer` `s`
LEFT JOIN `se_trade` `t` ON `s`.`tradeid`=`t`.`id`
LEFT JOIN `cp_supplier_type` `st` ON `s`.`typeid`=`st`.`id`
LEFT JOIN `contact` `c` ON `s`.`customerid`=`c`.`customerid` and `c`.`primarycontact`=1
WHERE `s`.`customerid` = '7781'
GROUP BY `s`.`customerid`

2016-11-09 05:12:06 - jobtracker - AdminClass -  - (5822a216300e0) 
 - Get Activity Log Data Query : SELECT `c`.`customerid`, `cu`.`companyname`, `c`.`contactid`, `c`.`firstname`, `username`, `login`, `success`, `ipaddress`
FROM `loginlog` `l`
INNER JOIN `contact` `c` ON `l`.`userid`=`c`.`contactid`
INNER JOIN `customer` `cu` ON `c`.`customerid`=`cu`.`customerid`
WHERE `l`.`success` = '1'
ORDER BY `login` DESC
 LIMIT 25

2016-11-09 05:12:09 - jobtracker - AdminClass -  - (5822a218d7541) 
 - Get Help : SELECT *
FROM `cp_help`
WHERE `route` = 'admin/helps'
AND `isactive` = 1

2016-11-09 05:12:09 - jobtracker - CustomerClass -  - (5822a218d6d71) 
 - Get Customer Data Query : SELECT s.*, st.name as typename, st.code as typecode, t.se_trade_name, GROUP_CONCAT(TRIM(CONCAT(c.firstname,' ',c.surname))) AS primarycontact
FROM `customer` `s`
LEFT JOIN `se_trade` `t` ON `s`.`tradeid`=`t`.`id`
LEFT JOIN `cp_supplier_type` `st` ON `s`.`typeid`=`st`.`id`
LEFT JOIN `contact` `c` ON `s`.`customerid`=`c`.`customerid` and `c`.`primarycontact`=1
WHERE `s`.`customerid` = '7781'
GROUP BY `s`.`customerid`

2016-11-09 05:12:10 - jobtracker - AdminClass -  - (5822a21a11975) 
 - Get Help : SELECT *
FROM `cp_help`
WHERE `route` = 'admin/helps'
AND `isactive` = 1

2016-11-09 05:12:10 - jobtracker - CustomerClass -  - (5822a21a109d5) 
 - Get Customer Data Query : SELECT s.*, st.name as typename, st.code as typecode, t.se_trade_name, GROUP_CONCAT(TRIM(CONCAT(c.firstname,' ',c.surname))) AS primarycontact
FROM `customer` `s`
LEFT JOIN `se_trade` `t` ON `s`.`tradeid`=`t`.`id`
LEFT JOIN `cp_supplier_type` `st` ON `s`.`typeid`=`st`.`id`
LEFT JOIN `contact` `c` ON `s`.`customerid`=`c`.`customerid` and `c`.`primarycontact`=1
WHERE `s`.`customerid` = '7781'
GROUP BY `s`.`customerid`

2016-11-09 05:12:10 - jobtracker - AdminClass -  - (5822a21a11975) 
 - Get Helps Query : SELECT *
FROM `cp_help`
WHERE `isactive` = 1
ORDER BY `last_updated` DESC
 LIMIT 25

2016-11-09 09:10:00 - jobtracker - AdminClass -  - (5822d9d822b04) 
 - Get Help : SELECT *
FROM `cp_help`
WHERE `route` = 'settings/changepassword'
AND `isactive` = 1

2016-11-09 09:10:00 - jobtracker - SharedClass -  - (5822d9d820bc4) 
 - Get Announcement : SELECT * FROM cp_message WHERE isactive=1 AND browser='' AND activationdate <= NOW() AND id NOT IN (SELECT messageid FROM cp_messagecontact WHERE contactid = 26564)

2016-11-09 09:10:00 - jobtracker - SharedClass -  - (5822d9d820bc4) 
 - Get Announcement : SELECT * FROM cp_message WHERE isactive=1 AND browser='Chrome' AND activationdate <= NOW() AND id NOT IN (SELECT messageid FROM cp_messagecontact WHERE contactid = 26564) ORDER BY browser_version

2016-11-09 09:10:00 - jobtracker - CustomerClass -  - (5822d9d822334) 
 - Get Customer Data Query : SELECT s.*, st.name as typename, st.code as typecode, t.se_trade_name, GROUP_CONCAT(TRIM(CONCAT(c.firstname,' ',c.surname))) AS primarycontact
FROM `customer` `s`
LEFT JOIN `se_trade` `t` ON `s`.`tradeid`=`t`.`id`
LEFT JOIN `cp_supplier_type` `st` ON `s`.`typeid`=`st`.`id`
LEFT JOIN `contact` `c` ON `s`.`customerid`=`c`.`customerid` and `c`.`primarycontact`=1
WHERE `s`.`customerid` = '7781'
GROUP BY `s`.`customerid`

2016-11-09 09:10:04 - jobtracker - AdminClass -  - (5822d9dc6cbe8) 
 - Get Help : SELECT *
FROM `cp_help`
WHERE `route` = 'jobs'
AND `isactive` = 1

2016-11-09 09:10:04 - jobtracker - CustomerClass -  - (5822d9dc6c030) 
 - Get Customer Data Query : SELECT s.*, st.name as typename, st.code as typecode, t.se_trade_name, GROUP_CONCAT(TRIM(CONCAT(c.firstname,' ',c.surname))) AS primarycontact
FROM `customer` `s`
LEFT JOIN `se_trade` `t` ON `s`.`tradeid`=`t`.`id`
LEFT JOIN `cp_supplier_type` `st` ON `s`.`typeid`=`st`.`id`
LEFT JOIN `contact` `c` ON `s`.`customerid`=`c`.`customerid` and `c`.`primarycontact`=1
WHERE `s`.`customerid` = '7781'
GROUP BY `s`.`customerid`

2016-11-09 09:10:04 - jobtracker - JobClass -  - (5822d9dcacf50) 
 - Get Jobs Count With Suburb Data Query : SELECT j.sitesuburb as suburb, COUNT(jobid) AS count
FROM `jobs` `j`
LEFT JOIN `jobstage` `js` ON `j`.`jobstage` = `js`.`jobstagedesc`
LEFT JOIN `addresslabel` `a` ON `j`.`labelid`=`a`.`labelid`
LEFT JOIN `contact` `c` ON `a`.`contactid`=`c`.`contactid`
WHERE `j`.`customerid` = '7781'
AND `j`.`leaddate` > '2010-07-01'
AND (`j`.`quoterqd` is null or `j`.`quoterqd` != 'on')
AND `j`.`jobstage` IN('portal_await_approval', 'Waiting_Client_Instructions')
GROUP BY `j`.`sitesuburb`

2016-11-09 09:10:04 - jobtracker - JobClass -  - (5822d9dcacf50) 
 - Get Jobs Count With Suburb Data Query : SELECT j.sitesuburb as suburb, COUNT(jobid) AS count
FROM `jobs` `j`
LEFT JOIN `jobstage` `js` ON `j`.`jobstage` = `js`.`jobstagedesc`
LEFT JOIN `addresslabel` `a` ON `j`.`labelid`=`a`.`labelid`
LEFT JOIN `contact` `c` ON `a`.`contactid`=`c`.`contactid`
WHERE `j`.`customerid` = '7781'
AND `j`.`leaddate` > '2010-07-01'
AND `j`.`jobstage` != 'Waiting_Client_Instructions'
AND `j`.`jobstage` IN('portal', 'next_allocate', 'info_pending', 'approved_from_portal')
AND IFNULL(variationstage,'') != 'variation_request_sent'
AND IFNULL(j.quotestatus,'') != 'pending_submission'
GROUP BY `j`.`sitesuburb`

2016-11-09 09:10:04 - jobtracker - JobClass -  - (5822d9dcacf50) 
 - Get Jobs Count With Suburb Data Query : SELECT j.sitesuburb as suburb, COUNT(jobid) AS count
FROM `jobs` `j`
LEFT JOIN `jobstage` `js` ON `j`.`jobstage` = `js`.`jobstagedesc`
LEFT JOIN `addresslabel` `a` ON `j`.`labelid`=`a`.`labelid`
LEFT JOIN `contact` `c` ON `a`.`contactid`=`c`.`contactid`
WHERE `j`.`customerid` = '7781'
AND `j`.`leaddate` > '2010-07-01'
AND `j`.`jobstage` != 'Waiting_Client_Instructions'
AND `js`.`portaldesc` = 'Job In Progress'
AND IFNULL(j.quotestatus,'') != 'pending_submission'
GROUP BY `j`.`sitesuburb`

2016-11-09 09:10:04 - jobtracker - JobClass -  - (5822d9dcacf50) 
 - Get Jobs Count With Suburb Data Query : SELECT j.sitesuburb as suburb, COUNT(jobid) AS count
FROM `jobs` `j`
LEFT JOIN `jobstage` `js` ON `j`.`jobstage` = `js`.`jobstagedesc`
LEFT JOIN `addresslabel` `a` ON `j`.`labelid`=`a`.`labelid`
LEFT JOIN `contact` `c` ON `a`.`contactid`=`c`.`contactid`
WHERE `j`.`customerid` = '7781'
AND `j`.`leaddate` > '2010-07-01'
AND `j`.`jobstage` NOT IN('cancelled', 'hold', 'declined')
AND `variationstage` = 'variation_request_sent'
GROUP BY `j`.`sitesuburb`

2016-11-09 09:10:04 - jobtracker - JobClass -  - (5822d9dcacf50) 
 - Get Jobs Count With Suburb Data Query : SELECT j.sitesuburb as suburb, COUNT(jobid) AS count
FROM `jobs` `j`
LEFT JOIN `jobstage` `js` ON `j`.`jobstage` = `js`.`jobstagedesc`
LEFT JOIN `addresslabel` `a` ON `j`.`labelid`=`a`.`labelid`
LEFT JOIN `contact` `c` ON `a`.`contactid`=`c`.`contactid`
WHERE `j`.`customerid` = '7781'
AND `j`.`leaddate` > '2010-07-01'
AND `js`.`portaldesc` = 'Job Completed'
GROUP BY `j`.`sitesuburb`

2016-11-09 09:10:04 - jobtracker - JobClass -  - (5822d9dcacf50) 
 - Get Jobs Count With Suburb Data Query : SELECT j.sitesuburb as suburb, COUNT(jobid) AS count
FROM `jobs` `j`
LEFT JOIN `jobstage` `js` ON `j`.`jobstage` = `js`.`jobstagedesc`
LEFT JOIN `addresslabel` `a` ON `j`.`labelid`=`a`.`labelid`
LEFT JOIN `contact` `c` ON `a`.`contactid`=`c`.`contactid`
WHERE `j`.`customerid` = '7781'
AND `j`.`leaddate` > '2010-07-01'
AND `j`.`jobstage` = 'hold'
GROUP BY `j`.`sitesuburb`

2016-11-09 09:10:04 - jobtracker - JobClass -  - (5822d9dcacf50) 
 - Get Jobs Count With sitefm Data Query : SELECT j.sitefm, a.contactid, COUNT(jobid) AS count
FROM `jobs` `j`
LEFT JOIN `jobstage` `js` ON `j`.`jobstage` = `js`.`jobstagedesc`
LEFT JOIN `addresslabel` `a` ON `j`.`labelid`=`a`.`labelid`
LEFT JOIN `contact` `c` ON `a`.`contactid`=`c`.`contactid`
WHERE `j`.`customerid` = '7781'
AND `j`.`leaddate` > '2010-07-01'
AND `j`.`jobstage` NOT IN('cancelled', 'hold', 'declined')
AND `variationstage` = 'variation_request_sent'
GROUP BY `j`.`sitefm`

2016-11-09 09:10:06 - jobtracker - AdminClass -  - (5822d9de8a122) 
 - Get Help : SELECT *
FROM `cp_help`
WHERE `route` = 'jobs/loadwaitingapprovaljobs'
AND `isactive` = 1

2016-11-09 09:10:06 - jobtracker - CustomerClass -  - (5822d9de88d99) 
 - Get Customer Data Query : SELECT s.*, st.name as typename, st.code as typecode, t.se_trade_name, GROUP_CONCAT(TRIM(CONCAT(c.firstname,' ',c.surname))) AS primarycontact
FROM `customer` `s`
LEFT JOIN `se_trade` `t` ON `s`.`tradeid`=`t`.`id`
LEFT JOIN `cp_supplier_type` `st` ON `s`.`typeid`=`st`.`id`
LEFT JOIN `contact` `c` ON `s`.`customerid`=`c`.`customerid` and `c`.`primarycontact`=1
WHERE `s`.`customerid` = '7781'
GROUP BY `s`.`customerid`

2016-11-09 09:10:07 - jobtracker - JobClass -  - (5822d9def05f2) 
 - Get Waiting Approval Jobs Data Query : SELECT j.*, CONCAT(cg.accountcode,' (',cg.accountname,')') AS glcode, if(portaldesc!='', portaldesc, jobstage) as portaldesc, concat(j.siteline1,'<br>',j.siteline2,'<br>',j.sitesuburb,' ',j.sitestate,' ',j.sitepostcode) as site
FROM `jobs` `j`
LEFT JOIN `jobstage` `js` ON `j`.`jobstage` = `js`.`jobstagedesc`
INNER JOIN `addresslabel` `a` ON `j`.`labelid`=`a`.`labelid`
LEFT JOIN `contact` `c` ON `a`.`contactid`=`c`.`contactid`
LEFT JOIN `customer_glchart` `cg` ON `j`.`custglchartid`=`cg`.`id`
WHERE `j`.`customerid` = '7781'
AND (`j`.`quoterqd` is null or `j`.`quoterqd` != 'on')
AND `j`.`leaddate` > '2010-07-01'
AND `j`.`jobstage` IN('portal_await_approval', 'Waiting_Client_Instructions')
ORDER BY `jobid` DESC
 LIMIT 25

2016-11-09 09:12:16 - jobtracker - AdminClass -  - (5822da6035361) 
 - Get Help : SELECT *
FROM `cp_help`
WHERE `route` = 'jobs'
AND `isactive` = 1

2016-11-09 09:12:16 - jobtracker - CustomerClass -  - (5822da60347a9) 
 - Get Customer Data Query : SELECT s.*, st.name as typename, st.code as typecode, t.se_trade_name, GROUP_CONCAT(TRIM(CONCAT(c.firstname,' ',c.surname))) AS primarycontact
FROM `customer` `s`
LEFT JOIN `se_trade` `t` ON `s`.`tradeid`=`t`.`id`
LEFT JOIN `cp_supplier_type` `st` ON `s`.`typeid`=`st`.`id`
LEFT JOIN `contact` `c` ON `s`.`customerid`=`c`.`customerid` and `c`.`primarycontact`=1
WHERE `s`.`customerid` = '7781'
GROUP BY `s`.`customerid`

2016-11-09 09:12:16 - jobtracker - JobClass -  - (5822da6073788) 
 - Get Jobs Count With Suburb Data Query : SELECT j.sitesuburb as suburb, COUNT(jobid) AS count
FROM `jobs` `j`
LEFT JOIN `jobstage` `js` ON `j`.`jobstage` = `js`.`jobstagedesc`
LEFT JOIN `addresslabel` `a` ON `j`.`labelid`=`a`.`labelid`
LEFT JOIN `contact` `c` ON `a`.`contactid`=`c`.`contactid`
WHERE `j`.`customerid` = '7781'
AND `j`.`leaddate` > '2010-07-01'
AND (`j`.`quoterqd` is null or `j`.`quoterqd` != 'on')
AND `j`.`jobstage` IN('portal_await_approval', 'Waiting_Client_Instructions')
GROUP BY `j`.`sitesuburb`

2016-11-09 09:12:16 - jobtracker - JobClass -  - (5822da6073788) 
 - Get Jobs Count With Suburb Data Query : SELECT j.sitesuburb as suburb, COUNT(jobid) AS count
FROM `jobs` `j`
LEFT JOIN `jobstage` `js` ON `j`.`jobstage` = `js`.`jobstagedesc`
LEFT JOIN `addresslabel` `a` ON `j`.`labelid`=`a`.`labelid`
LEFT JOIN `contact` `c` ON `a`.`contactid`=`c`.`contactid`
WHERE `j`.`customerid` = '7781'
AND `j`.`leaddate` > '2010-07-01'
AND `j`.`jobstage` != 'Waiting_Client_Instructions'
AND `j`.`jobstage` IN('portal', 'next_allocate', 'info_pending', 'approved_from_portal')
AND IFNULL(variationstage,'') != 'variation_request_sent'
AND IFNULL(j.quotestatus,'') != 'pending_submission'
GROUP BY `j`.`sitesuburb`

2016-11-09 09:12:16 - jobtracker - JobClass -  - (5822da6073788) 
 - Get Jobs Count With Suburb Data Query : SELECT j.sitesuburb as suburb, COUNT(jobid) AS count
FROM `jobs` `j`
LEFT JOIN `jobstage` `js` ON `j`.`jobstage` = `js`.`jobstagedesc`
LEFT JOIN `addresslabel` `a` ON `j`.`labelid`=`a`.`labelid`
LEFT JOIN `contact` `c` ON `a`.`contactid`=`c`.`contactid`
WHERE `j`.`customerid` = '7781'
AND `j`.`leaddate` > '2010-07-01'
AND `j`.`jobstage` != 'Waiting_Client_Instructions'
AND `js`.`portaldesc` = 'Job In Progress'
AND IFNULL(j.quotestatus,'') != 'pending_submission'
GROUP BY `j`.`sitesuburb`

2016-11-09 09:12:16 - jobtracker - JobClass -  - (5822da6073788) 
 - Get Jobs Count With Suburb Data Query : SELECT j.sitesuburb as suburb, COUNT(jobid) AS count
FROM `jobs` `j`
LEFT JOIN `jobstage` `js` ON `j`.`jobstage` = `js`.`jobstagedesc`
LEFT JOIN `addresslabel` `a` ON `j`.`labelid`=`a`.`labelid`
LEFT JOIN `contact` `c` ON `a`.`contactid`=`c`.`contactid`
WHERE `j`.`customerid` = '7781'
AND `j`.`leaddate` > '2010-07-01'
AND `j`.`jobstage` NOT IN('cancelled', 'hold', 'declined')
AND `variationstage` = 'variation_request_sent'
GROUP BY `j`.`sitesuburb`

2016-11-09 09:12:16 - jobtracker - JobClass -  - (5822da6073788) 
 - Get Jobs Count With Suburb Data Query : SELECT j.sitesuburb as suburb, COUNT(jobid) AS count
FROM `jobs` `j`
LEFT JOIN `jobstage` `js` ON `j`.`jobstage` = `js`.`jobstagedesc`
LEFT JOIN `addresslabel` `a` ON `j`.`labelid`=`a`.`labelid`
LEFT JOIN `contact` `c` ON `a`.`contactid`=`c`.`contactid`
WHERE `j`.`customerid` = '7781'
AND `j`.`leaddate` > '2010-07-01'
AND `js`.`portaldesc` = 'Job Completed'
GROUP BY `j`.`sitesuburb`

2016-11-09 09:12:16 - jobtracker - JobClass -  - (5822da6073788) 
 - Get Jobs Count With Suburb Data Query : SELECT j.sitesuburb as suburb, COUNT(jobid) AS count
FROM `jobs` `j`
LEFT JOIN `jobstage` `js` ON `j`.`jobstage` = `js`.`jobstagedesc`
LEFT JOIN `addresslabel` `a` ON `j`.`labelid`=`a`.`labelid`
LEFT JOIN `contact` `c` ON `a`.`contactid`=`c`.`contactid`
WHERE `j`.`customerid` = '7781'
AND `j`.`leaddate` > '2010-07-01'
AND `j`.`jobstage` = 'hold'
GROUP BY `j`.`sitesuburb`

2016-11-09 09:12:16 - jobtracker - JobClass -  - (5822da6073788) 
 - Get Jobs Count With sitefm Data Query : SELECT j.sitefm, a.contactid, COUNT(jobid) AS count
FROM `jobs` `j`
LEFT JOIN `jobstage` `js` ON `j`.`jobstage` = `js`.`jobstagedesc`
LEFT JOIN `addresslabel` `a` ON `j`.`labelid`=`a`.`labelid`
LEFT JOIN `contact` `c` ON `a`.`contactid`=`c`.`contactid`
WHERE `j`.`customerid` = '7781'
AND `j`.`leaddate` > '2010-07-01'
AND `j`.`jobstage` NOT IN('cancelled', 'hold', 'declined')
AND `variationstage` = 'variation_request_sent'
GROUP BY `j`.`sitefm`

2016-11-09 09:12:18 - jobtracker - AdminClass -  - (5822da62547db) 
 - Get Help : SELECT *
FROM `cp_help`
WHERE `route` = 'jobs/loadwaitingapprovaljobs'
AND `isactive` = 1

2016-11-09 09:12:18 - jobtracker - CustomerClass -  - (5822da6251ce3) 
 - Get Customer Data Query : SELECT s.*, st.name as typename, st.code as typecode, t.se_trade_name, GROUP_CONCAT(TRIM(CONCAT(c.firstname,' ',c.surname))) AS primarycontact
FROM `customer` `s`
LEFT JOIN `se_trade` `t` ON `s`.`tradeid`=`t`.`id`
LEFT JOIN `cp_supplier_type` `st` ON `s`.`typeid`=`st`.`id`
LEFT JOIN `contact` `c` ON `s`.`customerid`=`c`.`customerid` and `c`.`primarycontact`=1
WHERE `s`.`customerid` = '7781'
GROUP BY `s`.`customerid`

2016-11-09 09:12:18 - jobtracker - JobClass -  - (5822da62c394d) 
 - Get Waiting Approval Jobs Data Query : SELECT j.*, CONCAT(cg.accountcode,' (',cg.accountname,')') AS glcode, if(portaldesc!='', portaldesc, jobstage) as portaldesc, concat(j.siteline1,'<br>',j.siteline2,'<br>',j.sitesuburb,' ',j.sitestate,' ',j.sitepostcode) as site
FROM `jobs` `j`
LEFT JOIN `jobstage` `js` ON `j`.`jobstage` = `js`.`jobstagedesc`
INNER JOIN `addresslabel` `a` ON `j`.`labelid`=`a`.`labelid`
LEFT JOIN `contact` `c` ON `a`.`contactid`=`c`.`contactid`
LEFT JOIN `customer_glchart` `cg` ON `j`.`custglchartid`=`cg`.`id`
WHERE `j`.`customerid` = '7781'
AND (`j`.`quoterqd` is null or `j`.`quoterqd` != 'on')
AND `j`.`leaddate` > '2010-07-01'
AND `j`.`jobstage` IN('portal_await_approval', 'Waiting_Client_Instructions')
ORDER BY `jobid` DESC
 LIMIT 25

2016-11-09 09:14:22 - jobtracker - AdminClass -  - (5822dade54c20) 
 - Get Help : SELECT *
FROM `cp_help`
WHERE `route` = 'jobs'
AND `isactive` = 1

2016-11-09 09:14:22 - jobtracker - CustomerClass -  - (5822dade53897) 
 - Get Customer Data Query : SELECT s.*, st.name as typename, st.code as typecode, t.se_trade_name, GROUP_CONCAT(TRIM(CONCAT(c.firstname,' ',c.surname))) AS primarycontact
FROM `customer` `s`
LEFT JOIN `se_trade` `t` ON `s`.`tradeid`=`t`.`id`
LEFT JOIN `cp_supplier_type` `st` ON `s`.`typeid`=`st`.`id`
LEFT JOIN `contact` `c` ON `s`.`customerid`=`c`.`customerid` and `c`.`primarycontact`=1
WHERE `s`.`customerid` = '7781'
GROUP BY `s`.`customerid`

2016-11-09 09:14:22 - jobtracker - JobClass -  - (5822dade9b900) 
 - Get Jobs Count With Suburb Data Query : SELECT j.sitesuburb as suburb, COUNT(jobid) AS count
FROM `jobs` `j`
LEFT JOIN `jobstage` `js` ON `j`.`jobstage` = `js`.`jobstagedesc`
LEFT JOIN `addresslabel` `a` ON `j`.`labelid`=`a`.`labelid`
LEFT JOIN `contact` `c` ON `a`.`contactid`=`c`.`contactid`
WHERE `j`.`customerid` = '7781'
AND `j`.`leaddate` > '2010-07-01'
AND (`j`.`quoterqd` is null or `j`.`quoterqd` != 'on')
AND `j`.`jobstage` IN('portal_await_approval', 'Waiting_Client_Instructions')
GROUP BY `j`.`sitesuburb`

2016-11-09 09:14:22 - jobtracker - JobClass -  - (5822dade9b900) 
 - Get Jobs Count With Suburb Data Query : SELECT j.sitesuburb as suburb, COUNT(jobid) AS count
FROM `jobs` `j`
LEFT JOIN `jobstage` `js` ON `j`.`jobstage` = `js`.`jobstagedesc`
LEFT JOIN `addresslabel` `a` ON `j`.`labelid`=`a`.`labelid`
LEFT JOIN `contact` `c` ON `a`.`contactid`=`c`.`contactid`
WHERE `j`.`customerid` = '7781'
AND `j`.`leaddate` > '2010-07-01'
AND `j`.`jobstage` != 'Waiting_Client_Instructions'
AND `j`.`jobstage` IN('portal', 'next_allocate', 'info_pending', 'approved_from_portal')
AND IFNULL(variationstage,'') != 'variation_request_sent'
AND IFNULL(j.quotestatus,'') != 'pending_submission'
GROUP BY `j`.`sitesuburb`

2016-11-09 09:14:22 - jobtracker - JobClass -  - (5822dade9b900) 
 - Get Jobs Count With Suburb Data Query : SELECT j.sitesuburb as suburb, COUNT(jobid) AS count
FROM `jobs` `j`
LEFT JOIN `jobstage` `js` ON `j`.`jobstage` = `js`.`jobstagedesc`
LEFT JOIN `addresslabel` `a` ON `j`.`labelid`=`a`.`labelid`
LEFT JOIN `contact` `c` ON `a`.`contactid`=`c`.`contactid`
WHERE `j`.`customerid` = '7781'
AND `j`.`leaddate` > '2010-07-01'
AND `j`.`jobstage` != 'Waiting_Client_Instructions'
AND `js`.`portaldesc` = 'Job In Progress'
AND IFNULL(j.quotestatus,'') != 'pending_submission'
GROUP BY `j`.`sitesuburb`

2016-11-09 09:14:22 - jobtracker - JobClass -  - (5822dade9b900) 
 - Get Jobs Count With Suburb Data Query : SELECT j.sitesuburb as suburb, COUNT(jobid) AS count
FROM `jobs` `j`
LEFT JOIN `jobstage` `js` ON `j`.`jobstage` = `js`.`jobstagedesc`
LEFT JOIN `addresslabel` `a` ON `j`.`labelid`=`a`.`labelid`
LEFT JOIN `contact` `c` ON `a`.`contactid`=`c`.`contactid`
WHERE `j`.`customerid` = '7781'
AND `j`.`leaddate` > '2010-07-01'
AND `j`.`jobstage` NOT IN('cancelled', 'hold', 'declined')
AND `variationstage` = 'variation_request_sent'
GROUP BY `j`.`sitesuburb`

2016-11-09 09:14:22 - jobtracker - JobClass -  - (5822dade9b900) 
 - Get Jobs Count With Suburb Data Query : SELECT j.sitesuburb as suburb, COUNT(jobid) AS count
FROM `jobs` `j`
LEFT JOIN `jobstage` `js` ON `j`.`jobstage` = `js`.`jobstagedesc`
LEFT JOIN `addresslabel` `a` ON `j`.`labelid`=`a`.`labelid`
LEFT JOIN `contact` `c` ON `a`.`contactid`=`c`.`contactid`
WHERE `j`.`customerid` = '7781'
AND `j`.`leaddate` > '2010-07-01'
AND `js`.`portaldesc` = 'Job Completed'
GROUP BY `j`.`sitesuburb`

2016-11-09 09:14:22 - jobtracker - JobClass -  - (5822dade9b900) 
 - Get Jobs Count With Suburb Data Query : SELECT j.sitesuburb as suburb, COUNT(jobid) AS count
FROM `jobs` `j`
LEFT JOIN `jobstage` `js` ON `j`.`jobstage` = `js`.`jobstagedesc`
LEFT JOIN `addresslabel` `a` ON `j`.`labelid`=`a`.`labelid`
LEFT JOIN `contact` `c` ON `a`.`contactid`=`c`.`contactid`
WHERE `j`.`customerid` = '7781'
AND `j`.`leaddate` > '2010-07-01'
AND `j`.`jobstage` = 'hold'
GROUP BY `j`.`sitesuburb`

2016-11-09 09:14:22 - jobtracker - JobClass -  - (5822dade9b900) 
 - Get Jobs Count With sitefm Data Query : SELECT j.sitefm, a.contactid, COUNT(jobid) AS count
FROM `jobs` `j`
LEFT JOIN `jobstage` `js` ON `j`.`jobstage` = `js`.`jobstagedesc`
LEFT JOIN `addresslabel` `a` ON `j`.`labelid`=`a`.`labelid`
LEFT JOIN `contact` `c` ON `a`.`contactid`=`c`.`contactid`
WHERE `j`.`customerid` = '7781'
AND `j`.`leaddate` > '2010-07-01'
AND `j`.`jobstage` NOT IN('cancelled', 'hold', 'declined')
AND `variationstage` = 'variation_request_sent'
GROUP BY `j`.`sitefm`

2016-11-09 09:14:24 - jobtracker - AdminClass -  - (5822dae06e6c0) 
 - Get Help : SELECT *
FROM `cp_help`
WHERE `route` = 'jobs/loadwaitingapprovaljobs'
AND `isactive` = 1

2016-11-09 09:14:24 - jobtracker - CustomerClass -  - (5822dae06d338) 
 - Get Customer Data Query : SELECT s.*, st.name as typename, st.code as typecode, t.se_trade_name, GROUP_CONCAT(TRIM(CONCAT(c.firstname,' ',c.surname))) AS primarycontact
FROM `customer` `s`
LEFT JOIN `se_trade` `t` ON `s`.`tradeid`=`t`.`id`
LEFT JOIN `cp_supplier_type` `st` ON `s`.`typeid`=`st`.`id`
LEFT JOIN `contact` `c` ON `s`.`customerid`=`c`.`customerid` and `c`.`primarycontact`=1
WHERE `s`.`customerid` = '7781'
GROUP BY `s`.`customerid`

2016-11-09 09:14:24 - jobtracker - JobClass -  - (5822dae0c6ce5) 
 - Get Waiting Approval Jobs Data Query : SELECT j.*, CONCAT(cg.accountcode,' (',cg.accountname,')') AS glcode, if(portaldesc!='', portaldesc, jobstage) as portaldesc, concat(j.siteline1,'<br>',j.siteline2,'<br>',j.sitesuburb,' ',j.sitestate,' ',j.sitepostcode) as site
FROM `jobs` `j`
LEFT JOIN `jobstage` `js` ON `j`.`jobstage` = `js`.`jobstagedesc`
INNER JOIN `addresslabel` `a` ON `j`.`labelid`=`a`.`labelid`
LEFT JOIN `contact` `c` ON `a`.`contactid`=`c`.`contactid`
LEFT JOIN `customer_glchart` `cg` ON `j`.`custglchartid`=`cg`.`id`
WHERE `j`.`customerid` = '7781'
AND (`j`.`quoterqd` is null or `j`.`quoterqd` != 'on')
AND `j`.`leaddate` > '2010-07-01'
AND `j`.`jobstage` IN('portal_await_approval', 'Waiting_Client_Instructions')
ORDER BY `jobid` DESC
 LIMIT 25

2016-11-09 09:22:21 - jobtracker - AdminClass -  - (5822dcbd3f5e8) 
 - Get Help : SELECT *
FROM `cp_help`
WHERE `id` = '1'

2016-11-09 09:22:21 - jobtracker - AdminClass -  - (5822dcbd3f5e8) 
 - Get Help Links : SELECT *
FROM `cp_help_link`
WHERE `helpid` = '1'
AND `isactive` = 1
ORDER BY `sortorder` ASC

2016-11-09 09:22:32 - jobtracker - AdminClass -  - (5822dcc83f08d) 
 - Get Help : SELECT *
FROM `cp_help`
WHERE `id` = '1'

2016-11-09 09:22:32 - jobtracker - AdminClass -  - (5822dcc83f08d) 
 - Get Help Links : SELECT *
FROM `cp_help_link`
WHERE `helpid` = '1'
AND `isactive` = 1
ORDER BY `sortorder` ASC

2016-11-09 09:29:04 - jobtracker - AdminClass -  - (5822de4fd48bc) 
 - Get Help : SELECT *
FROM `cp_help`
WHERE `route` = 'jobs'
AND `isactive` = 1

2016-11-09 09:29:04 - jobtracker - CustomerClass -  - (5822de4fd40ec) 
 - Get Customer Data Query : SELECT s.*, st.name as typename, st.code as typecode, t.se_trade_name, GROUP_CONCAT(TRIM(CONCAT(c.firstname,' ',c.surname))) AS primarycontact
FROM `customer` `s`
LEFT JOIN `se_trade` `t` ON `s`.`tradeid`=`t`.`id`
LEFT JOIN `cp_supplier_type` `st` ON `s`.`typeid`=`st`.`id`
LEFT JOIN `contact` `c` ON `s`.`customerid`=`c`.`customerid` and `c`.`primarycontact`=1
WHERE `s`.`customerid` = '7781'
GROUP BY `s`.`customerid`

2016-11-09 09:29:04 - jobtracker - JobClass -  - (5822de5022153) 
 - Get Jobs Count With Suburb Data Query : SELECT j.sitesuburb as suburb, COUNT(jobid) AS count
FROM `jobs` `j`
LEFT JOIN `jobstage` `js` ON `j`.`jobstage` = `js`.`jobstagedesc`
LEFT JOIN `addresslabel` `a` ON `j`.`labelid`=`a`.`labelid`
LEFT JOIN `contact` `c` ON `a`.`contactid`=`c`.`contactid`
WHERE `j`.`customerid` = '7781'
AND `j`.`leaddate` > '2010-07-01'
AND (`j`.`quoterqd` is null or `j`.`quoterqd` != 'on')
AND `j`.`jobstage` IN('portal_await_approval', 'Waiting_Client_Instructions')
GROUP BY `j`.`sitesuburb`

2016-11-09 09:29:04 - jobtracker - JobClass -  - (5822de5022153) 
 - Get Jobs Count With Suburb Data Query : SELECT j.sitesuburb as suburb, COUNT(jobid) AS count
FROM `jobs` `j`
LEFT JOIN `jobstage` `js` ON `j`.`jobstage` = `js`.`jobstagedesc`
LEFT JOIN `addresslabel` `a` ON `j`.`labelid`=`a`.`labelid`
LEFT JOIN `contact` `c` ON `a`.`contactid`=`c`.`contactid`
WHERE `j`.`customerid` = '7781'
AND `j`.`leaddate` > '2010-07-01'
AND `j`.`jobstage` != 'Waiting_Client_Instructions'
AND `j`.`jobstage` IN('portal', 'next_allocate', 'info_pending', 'approved_from_portal')
AND IFNULL(variationstage,'') != 'variation_request_sent'
AND IFNULL(j.quotestatus,'') != 'pending_submission'
GROUP BY `j`.`sitesuburb`

2016-11-09 09:29:04 - jobtracker - JobClass -  - (5822de5022153) 
 - Get Jobs Count With Suburb Data Query : SELECT j.sitesuburb as suburb, COUNT(jobid) AS count
FROM `jobs` `j`
LEFT JOIN `jobstage` `js` ON `j`.`jobstage` = `js`.`jobstagedesc`
LEFT JOIN `addresslabel` `a` ON `j`.`labelid`=`a`.`labelid`
LEFT JOIN `contact` `c` ON `a`.`contactid`=`c`.`contactid`
WHERE `j`.`customerid` = '7781'
AND `j`.`leaddate` > '2010-07-01'
AND `j`.`jobstage` != 'Waiting_Client_Instructions'
AND `js`.`portaldesc` = 'Job In Progress'
AND IFNULL(j.quotestatus,'') != 'pending_submission'
GROUP BY `j`.`sitesuburb`

2016-11-09 09:29:04 - jobtracker - JobClass -  - (5822de5022153) 
 - Get Jobs Count With Suburb Data Query : SELECT j.sitesuburb as suburb, COUNT(jobid) AS count
FROM `jobs` `j`
LEFT JOIN `jobstage` `js` ON `j`.`jobstage` = `js`.`jobstagedesc`
LEFT JOIN `addresslabel` `a` ON `j`.`labelid`=`a`.`labelid`
LEFT JOIN `contact` `c` ON `a`.`contactid`=`c`.`contactid`
WHERE `j`.`customerid` = '7781'
AND `j`.`leaddate` > '2010-07-01'
AND `j`.`jobstage` NOT IN('cancelled', 'hold', 'declined')
AND `variationstage` = 'variation_request_sent'
GROUP BY `j`.`sitesuburb`

2016-11-09 09:29:04 - jobtracker - JobClass -  - (5822de5022153) 
 - Get Jobs Count With Suburb Data Query : SELECT j.sitesuburb as suburb, COUNT(jobid) AS count
FROM `jobs` `j`
LEFT JOIN `jobstage` `js` ON `j`.`jobstage` = `js`.`jobstagedesc`
LEFT JOIN `addresslabel` `a` ON `j`.`labelid`=`a`.`labelid`
LEFT JOIN `contact` `c` ON `a`.`contactid`=`c`.`contactid`
WHERE `j`.`customerid` = '7781'
AND `j`.`leaddate` > '2010-07-01'
AND `js`.`portaldesc` = 'Job Completed'
GROUP BY `j`.`sitesuburb`

2016-11-09 09:29:04 - jobtracker - JobClass -  - (5822de5022153) 
 - Get Jobs Count With Suburb Data Query : SELECT j.sitesuburb as suburb, COUNT(jobid) AS count
FROM `jobs` `j`
LEFT JOIN `jobstage` `js` ON `j`.`jobstage` = `js`.`jobstagedesc`
LEFT JOIN `addresslabel` `a` ON `j`.`labelid`=`a`.`labelid`
LEFT JOIN `contact` `c` ON `a`.`contactid`=`c`.`contactid`
WHERE `j`.`customerid` = '7781'
AND `j`.`leaddate` > '2010-07-01'
AND `j`.`jobstage` = 'hold'
GROUP BY `j`.`sitesuburb`

2016-11-09 09:29:04 - jobtracker - JobClass -  - (5822de5022153) 
 - Get Jobs Count With sitefm Data Query : SELECT j.sitefm, a.contactid, COUNT(jobid) AS count
FROM `jobs` `j`
LEFT JOIN `jobstage` `js` ON `j`.`jobstage` = `js`.`jobstagedesc`
LEFT JOIN `addresslabel` `a` ON `j`.`labelid`=`a`.`labelid`
LEFT JOIN `contact` `c` ON `a`.`contactid`=`c`.`contactid`
WHERE `j`.`customerid` = '7781'
AND `j`.`leaddate` > '2010-07-01'
AND `j`.`jobstage` NOT IN('cancelled', 'hold', 'declined')
AND `variationstage` = 'variation_request_sent'
GROUP BY `j`.`sitefm`

2016-11-09 09:29:06 - jobtracker - AdminClass -  - (5822de51ca904) 
 - Get Help : SELECT *
FROM `cp_help`
WHERE `route` = 'jobs/loadwaitingapprovaljobs'
AND `isactive` = 1

2016-11-09 09:29:06 - jobtracker - CustomerClass -  - (5822de51c9d4c) 
 - Get Customer Data Query : SELECT s.*, st.name as typename, st.code as typecode, t.se_trade_name, GROUP_CONCAT(TRIM(CONCAT(c.firstname,' ',c.surname))) AS primarycontact
FROM `customer` `s`
LEFT JOIN `se_trade` `t` ON `s`.`tradeid`=`t`.`id`
LEFT JOIN `cp_supplier_type` `st` ON `s`.`typeid`=`st`.`id`
LEFT JOIN `contact` `c` ON `s`.`customerid`=`c`.`customerid` and `c`.`primarycontact`=1
WHERE `s`.`customerid` = '7781'
GROUP BY `s`.`customerid`

2016-11-09 09:29:06 - jobtracker - JobClass -  - (5822de52415cd) 
 - Get Waiting Approval Jobs Data Query : SELECT j.*, CONCAT(cg.accountcode,' (',cg.accountname,')') AS glcode, if(portaldesc!='', portaldesc, jobstage) as portaldesc, concat(j.siteline1,'<br>',j.siteline2,'<br>',j.sitesuburb,' ',j.sitestate,' ',j.sitepostcode) as site
FROM `jobs` `j`
LEFT JOIN `jobstage` `js` ON `j`.`jobstage` = `js`.`jobstagedesc`
INNER JOIN `addresslabel` `a` ON `j`.`labelid`=`a`.`labelid`
LEFT JOIN `contact` `c` ON `a`.`contactid`=`c`.`contactid`
LEFT JOIN `customer_glchart` `cg` ON `j`.`custglchartid`=`cg`.`id`
WHERE `j`.`customerid` = '7781'
AND (`j`.`quoterqd` is null or `j`.`quoterqd` != 'on')
AND `j`.`leaddate` > '2010-07-01'
AND `j`.`jobstage` IN('portal_await_approval', 'Waiting_Client_Instructions')
ORDER BY `jobid` DESC
 LIMIT 25

2016-11-09 09:44:09 - jobtracker - AdminClass -  - (5822e1d960c5d) 
 - Get Help : SELECT *
FROM `cp_help`
WHERE `route` = 'settings/changepassword'
AND `isactive` = 1

2016-11-09 09:44:09 - jobtracker - SharedClass -  - (5822e1d95ed1d) 
 - Get Announcement : SELECT * FROM cp_message WHERE isactive=1 AND browser='' AND activationdate <= NOW() AND id NOT IN (SELECT messageid FROM cp_messagecontact WHERE contactid = 26564)

2016-11-09 09:44:09 - jobtracker - SharedClass -  - (5822e1d95ed1d) 
 - Get Announcement : SELECT * FROM cp_message WHERE isactive=1 AND browser='Chrome' AND activationdate <= NOW() AND id NOT IN (SELECT messageid FROM cp_messagecontact WHERE contactid = 26564) ORDER BY browser_version

2016-11-09 09:44:09 - jobtracker - CustomerClass -  - (5822e1d96048d) 
 - Get Customer Data Query : SELECT s.*, st.name as typename, st.code as typecode, t.se_trade_name, GROUP_CONCAT(TRIM(CONCAT(c.firstname,' ',c.surname))) AS primarycontact
FROM `customer` `s`
LEFT JOIN `se_trade` `t` ON `s`.`tradeid`=`t`.`id`
LEFT JOIN `cp_supplier_type` `st` ON `s`.`typeid`=`st`.`id`
LEFT JOIN `contact` `c` ON `s`.`customerid`=`c`.`customerid` and `c`.`primarycontact`=1
WHERE `s`.`customerid` = '7781'
GROUP BY `s`.`customerid`

2016-11-09 09:44:21 - jobtracker - AdminClass -  - (5822e1e575f00) 
 - Get Help : SELECT *
FROM `cp_help`
WHERE `route` = 'reports'
AND `isactive` = 1

2016-11-09 09:44:21 - jobtracker - CustomerClass -  - (5822e1e575730) 
 - Get Customer Data Query : SELECT s.*, st.name as typename, st.code as typecode, t.se_trade_name, GROUP_CONCAT(TRIM(CONCAT(c.firstname,' ',c.surname))) AS primarycontact
FROM `customer` `s`
LEFT JOIN `se_trade` `t` ON `s`.`tradeid`=`t`.`id`
LEFT JOIN `cp_supplier_type` `st` ON `s`.`typeid`=`st`.`id`
LEFT JOIN `contact` `c` ON `s`.`customerid`=`c`.`customerid` and `c`.`primarycontact`=1
WHERE `s`.`customerid` = '7781'
GROUP BY `s`.`customerid`

2016-11-09 09:44:22 - jobtracker - AdminClass -  - (5822e1e60c3b9) 
 - Get Help : SELECT *
FROM `cp_help`
WHERE `route` = 'reports/loadreports'
AND `isactive` = 1

2016-11-09 09:44:22 - jobtracker - CustomerClass -  - (5822e1e60b801) 
 - Get Customer Data Query : SELECT s.*, st.name as typename, st.code as typecode, t.se_trade_name, GROUP_CONCAT(TRIM(CONCAT(c.firstname,' ',c.surname))) AS primarycontact
FROM `customer` `s`
LEFT JOIN `se_trade` `t` ON `s`.`tradeid`=`t`.`id`
LEFT JOIN `cp_supplier_type` `st` ON `s`.`typeid`=`st`.`id`
LEFT JOIN `contact` `c` ON `s`.`customerid`=`c`.`customerid` and `c`.`primarycontact`=1
WHERE `s`.`customerid` = '7781'
GROUP BY `s`.`customerid`

2016-11-09 09:44:22 - jobtracker - ReportClass -  - (5822e1e65868b) 
 - Get Reports Data Query : SELECT `r`.`id`, `r`.`name`, `description`, `rf`.`route_url` AS `familyroute`, `r`.`route_url` AS `reportroute`, `rf`.`name` AS `familyname`
FROM `report` `r`
LEFT JOIN `reportfamily` `rf` ON `r`.`familyid`=`rf`.`id`
WHERE `rf`.`isactive` = 1
AND `r`.`isactive` = 1
AND `r`.`inclientportal` = 1
ORDER BY `r`.`sortorder`, `r`.`name`
 LIMIT 25

2016-11-09 09:44:38 - jobtracker - AdminClass -  - (5822e1f675715) 
 - Get Help : SELECT *
FROM `cp_help`
WHERE `route` = 'admin'
AND `isactive` = 1

2016-11-09 09:44:38 - jobtracker - CustomerClass -  - (5822e1f674f44) 
 - Get Customer Data Query : SELECT s.*, st.name as typename, st.code as typecode, t.se_trade_name, GROUP_CONCAT(TRIM(CONCAT(c.firstname,' ',c.surname))) AS primarycontact
FROM `customer` `s`
LEFT JOIN `se_trade` `t` ON `s`.`tradeid`=`t`.`id`
LEFT JOIN `cp_supplier_type` `st` ON `s`.`typeid`=`st`.`id`
LEFT JOIN `contact` `c` ON `s`.`customerid`=`c`.`customerid` and `c`.`primarycontact`=1
WHERE `s`.`customerid` = '7781'
GROUP BY `s`.`customerid`

2016-11-09 09:44:43 - jobtracker - AdminClass -  - (5822e1fb90c4a) 
 - Get Help : SELECT *
FROM `cp_help`
WHERE `route` = 'admin/helps'
AND `isactive` = 1

2016-11-09 09:44:43 - jobtracker - CustomerClass -  - (5822e1fb90092) 
 - Get Customer Data Query : SELECT s.*, st.name as typename, st.code as typecode, t.se_trade_name, GROUP_CONCAT(TRIM(CONCAT(c.firstname,' ',c.surname))) AS primarycontact
FROM `customer` `s`
LEFT JOIN `se_trade` `t` ON `s`.`tradeid`=`t`.`id`
LEFT JOIN `cp_supplier_type` `st` ON `s`.`typeid`=`st`.`id`
LEFT JOIN `contact` `c` ON `s`.`customerid`=`c`.`customerid` and `c`.`primarycontact`=1
WHERE `s`.`customerid` = '7781'
GROUP BY `s`.`customerid`

2016-11-09 09:44:44 - jobtracker - AdminClass -  - (5822e1fc3e808) 
 - Get Help : SELECT *
FROM `cp_help`
WHERE `route` = 'admin/helps'
AND `isactive` = 1

2016-11-09 09:44:44 - jobtracker - CustomerClass -  - (5822e1fc3dc50) 
 - Get Customer Data Query : SELECT s.*, st.name as typename, st.code as typecode, t.se_trade_name, GROUP_CONCAT(TRIM(CONCAT(c.firstname,' ',c.surname))) AS primarycontact
FROM `customer` `s`
LEFT JOIN `se_trade` `t` ON `s`.`tradeid`=`t`.`id`
LEFT JOIN `cp_supplier_type` `st` ON `s`.`typeid`=`st`.`id`
LEFT JOIN `contact` `c` ON `s`.`customerid`=`c`.`customerid` and `c`.`primarycontact`=1
WHERE `s`.`customerid` = '7781'
GROUP BY `s`.`customerid`

2016-11-09 09:44:44 - jobtracker - AdminClass -  - (5822e1fc3e808) 
 - Get Helps Query : SELECT *
FROM `cp_help`
WHERE `isactive` = 1
ORDER BY `last_updated` DESC
 LIMIT 25

2016-11-09 09:44:46 - jobtracker - AdminClass -  - (5822e1fe3e492) 
 - Get Help : SELECT *
FROM `cp_help`
WHERE `route` = 'admin/helps'
AND `isactive` = 1

2016-11-09 09:44:46 - jobtracker - CustomerClass -  - (5822e1fe3dcc2) 
 - Get Customer Data Query : SELECT s.*, st.name as typename, st.code as typecode, t.se_trade_name, GROUP_CONCAT(TRIM(CONCAT(c.firstname,' ',c.surname))) AS primarycontact
FROM `customer` `s`
LEFT JOIN `se_trade` `t` ON `s`.`tradeid`=`t`.`id`
LEFT JOIN `cp_supplier_type` `st` ON `s`.`typeid`=`st`.`id`
LEFT JOIN `contact` `c` ON `s`.`customerid`=`c`.`customerid` and `c`.`primarycontact`=1
WHERE `s`.`customerid` = '7781'
GROUP BY `s`.`customerid`

2016-11-09 09:44:46 - jobtracker - AdminClass -  - (5822e1fe3e492) 
 - Get Help : SELECT *
FROM `cp_help`
WHERE `id` = '1'

2016-11-09 09:44:46 - jobtracker - AdminClass -  - (5822e1fe3e492) 
 - Get Help Links : SELECT *
FROM `cp_help_link`
WHERE `helpid` = '1'
AND `isactive` = 1
ORDER BY `sortorder` ASC

2016-11-09 09:44:48 - jobtracker - AdminClass -  - (5822e2008c32f) 
 - Get Help : SELECT *
FROM `cp_help`
WHERE `id` = '1'

2016-11-09 09:44:48 - jobtracker - AdminClass -  - (5822e2008c32f) 
 - Get Help Links : SELECT *
FROM `cp_help_link`
WHERE `helpid` = '1'
AND `isactive` = 1
ORDER BY `sortorder` ASC

2016-11-09 09:45:24 - jobtracker - AdminClass -  - (5822e224b114b) 
 - Get Help : SELECT *
FROM `cp_help`
WHERE `id` = '1'

2016-11-09 09:45:24 - jobtracker - AdminClass -  - (5822e224b114b) 
 - Get Help Links : SELECT *
FROM `cp_help_link`
WHERE `helpid` = '1'
AND `isactive` = 1
ORDER BY `sortorder` ASC
